<?xml version="1.0" encoding="UTF-8"?>
<testsuite name="org.example.MainTest" tests="8" skipped="0" failures="0" errors="0" timestamp="2026-09-07T17:05:44.077Z" hostname="danila-MCLG-XX" time="0.065">
  <properties/>
  <testcase name="heapsortTestRandomArray()" classname="org.example.MainTest" time="0.053"/>
  <testcase name="heapsortTestOneElementArray()" classname="org.example.MainTest" time="0.001"/>
  <testcase name="heapsortTestTwoElementArray()" classname="org.example.MainTest" time="0.001"/>
  <testcase name="heapsortTestConcreteArray()" classname="org.example.MainTest" time="0.0"/>
  <testcase name="makeHeapTestConcreteSmallHeap()" classname="org.example.MainTest" time="0.001"/>
  <testcase name="heapsortTestEmptyArray()" classname="org.example.MainTest" time="0.0"/>
  <testcase name="makeHeapTestRandomArray()" classname="org.example.MainTest" time="0.001"/>
  <testcase name="makeHeapTestConcreteBigHeap()" classname="org.example.MainTest" time="0.0"/>
  <system-out><![CDATA[]]></system-out>
  <system-err><![CDATA[]]></system-err>
</testsuite>
